remote: error: GH013: Repository rule violations found for refs/heads/main.        
remote: 
remote: - GITHUB PUSH PROTECTION        
remote:   —————————————————————————————————————————        
remote:     Resolve the following violations before pushing again        
remote: 
remote:     - Push cannot contain secrets        
remote: 
remote:             
remote:      (?) Learn how to resolve a blocked push        
remote:      https://docs.github.com/code-security/secret-scanning/working-with-secret-scanning-and-push-protection/working-with-push-protection-from-the-command-line#resolving-a-blocked-push        
remote:             
remote:             
remote:       —— Stripe Test API Secret Key ————————————————————————        
remote:        locations:        
remote:          - commit: 3cdd21f354f05d5c8ec7facd3b8d96b716da71f1        
remote:            path: microfin_mobile/FundlineMultiTenant/includes/paymongo_webhook.php:100        
remote:          - commit: 3cdd21f354f05d5c8ec7facd3b8d96b716da71f1        
remote:            path: microfin_mobile/api/api_paymongo_check_status.php:20        
remote:          - commit: 3cdd21f354f05d5c8ec7facd3b8d96b716da71f1        
remote:            path: microfin_mobile/api/api_paymongo_create_source.php:28        
remote:          - commit: 3cdd21f354f05d5c8ec7facd3b8d96b716da71f1        
remote:            path: microfin_mobile/api/chk_tx.php:9        
remote:          - commit: 3cdd21f354f05d5c8ec7facd3b8d96b716da71f1        
remote:            path: microfin_mobile/api/paymongo_webhook.php:75        
remote:             
remote:        (?) To push, remove secret from commit(s) or follow this URL to allow the secret.        
remote:        https://github.com/Kaizer6969/MicroFinWebb/security/secret-scanning/unblock-secret/3BdfthbIBvBqHIn72jCt1tNPnxp        
remote:             
remote: 
remote: 
To https://github.com/Kaizer6969/MicroFinWebb.git
 ! [remote rejected] main -> main (push declined due to repository rule violations)
error: failed to push some refs to 'https://github.com/Kaizer6969/MicroFinWebb.git'
